# JRE version: OpenJDK Runtime Environment (16.0.2+7) (build 16.0.2+7-67)
# Java VM: OpenJDK 64-Bit Server VM (16.0.2+7-67, mixed mode, tiered, compressed oops, compressed class ptrs, g1 gc, windows-amd64)
GC Precious Log:
 CPUs: 4 total, 4 available
 Memory: 12162M
 Large Page Support: Disabled
 NUMA Support: Disabled
 Compressed Oops: Enabled (Zero based)
 Heap Region Size: 2M
 Heap Min Capacity: 8M
 Heap Initial Capacity: 192M
 Heap Max Capacity: 3042M
 Pre-touch: Disabled
 Parallel Workers: 4
 Concurrent Workers: 1
 Concurrent Refinement Workers: 4
 Periodic GC: Disabled
Heap:
 garbage-first heap   total 73728K, used 41141K [0x0000000741e00000, 0x0000000800000000)
  region size 2048K, 12 young (24576K), 3 survivors (6144K)
 Metaspace       used 65303K, committed 65728K, reserved 1114112K
  class space    used 8567K, committed 8768K, reserved 1048576K
GC Heap History (20 events):
Event: 13.748 GC heap before
{Heap before GC invocations=15 (full 0):
 garbage-first heap   total 61440K, used 46232K [0x0000000741e00000, 0x0000000800000000)
  region size 2048K, 18 young (36864K), 2 survivors (4096K)
 Metaspace       used 40809K, committed 41152K, reserved 1089536K
  class space    used 4940K, committed 5120K, reserved 1048576K
}
Event: 13.756 GC heap after
{Heap after GC invocations=16 (full 0):
 garbage-first heap   total 61440K, used 16196K [0x0000000741e00000, 0x0000000800000000)
  region size 2048K, 1 young (2048K), 1 survivors (2048K)
 Metaspace       used 40809K, committed 41152K, reserved 1089536K
  class space    used 4940K, committed 5120K, reserved 1048576K
}
Event: 15.071 GC heap before
{Heap before GC invocations=16 (full 0):
 garbage-first heap   total 61440K, used 48964K [0x0000000741e00000, 0x0000000800000000)
  region size 2048K, 17 young (34816K), 1 survivors (2048K)
 Metaspace       used 44521K, committed 44928K, reserved 1089536K
  class space    used 5354K, committed 5568K, reserved 1048576K
}
Event: 15.079 GC heap after
{Heap after GC invocations=17 (full 0):
 garbage-first heap   total 61440K, used 17026K [0x0000000741e00000, 0x0000000800000000)
  region size 2048K, 2 young (4096K), 2 survivors (4096K)
 Metaspace       used 44521K, committed 44928K, reserved 1089536K
  class space    used 5354K, committed 5568K, reserved 1048576K
}
Event: 16.221 GC heap before
{Heap before GC invocations=17 (full 0):
 garbage-first heap   total 61440K, used 45698K [0x0000000741e00000, 0x0000000800000000)
  region size 2048K, 17 young (34816K), 2 survivors (4096K)
 Metaspace       used 47067K, committed 47424K, reserved 1097728K
  class space    used 5828K, committed 6016K, reserved 1048576K
}
Event: 16.229 GC heap after
{Heap after GC invocations=18 (full 0):
 garbage-first heap   total 61440K, used 17930K [0x0000000741e00000, 0x0000000800000000)
  region size 2048K, 2 young (4096K), 2 survivors (4096K)
 Metaspace       used 47067K, committed 47424K, reserved 1097728K
  class space    used 5828K, committed 6016K, reserved 1048576K
}
Event: 17.277 GC heap before
{Heap before GC invocations=18 (full 0):
 garbage-first heap   total 61440K, used 48650K [0x0000000741e00000, 0x0000000800000000)
  region size 2048K, 17 young (34816K), 2 survivors (4096K)
 Metaspace       used 50388K, committed 50816K, reserved 1097728K
  class space    used 6381K, committed 6592K, reserved 1048576K
}
Event: 17.285 GC heap after
{Heap after GC invocations=19 (full 0):
 garbage-first heap   total 61440K, used 18520K [0x0000000741e00000, 0x0000000800000000)
  region size 2048K, 2 young (4096K), 2 survivors (4096K)
 Metaspace       used 50388K, committed 50816K, reserved 1097728K
  class space    used 6381K, committed 6592K, reserved 1048576K
}
Event: 78.257 GC heap before
{Heap before GC invocations=19 (full 0):
 garbage-first heap   total 61440K, used 49240K [0x0000000741e00000, 0x0000000800000000)
  region size 2048K, 17 young (34816K), 2 survivors (4096K)
 Metaspace       used 53222K, committed 53568K, reserved 1097728K
  class space    used 6760K, committed 6912K, reserved 1048576K
}
Event: 78.265 GC heap after
{Heap after GC invocations=20 (full 0):
 garbage-first heap   total 61440K, used 19565K [0x0000000741e00000, 0x0000000800000000)
  region size 2048K, 2 young (4096K), 2 survivors (4096K)
 Metaspace       used 53222K, committed 53568K, reserved 1097728K
  class space    used 6760K, committed 6912K, reserved 1048576K
}
Event: 78.765 GC heap before
{Heap before GC invocations=20 (full 0):
 garbage-first heap   total 61440K, used 46189K [0x0000000741e00000, 0x0000000800000000)
  region size 2048K, 16 young (32768K), 2 survivors (4096K)
 Metaspace       used 56006K, committed 56384K, reserved 1105920K
  class space    used 7214K, committed 7360K, reserved 1048576K
}
Event: 78.774 GC heap after
{Heap after GC invocations=21 (full 0):
 garbage-first heap   total 61440K, used 20157K [0x0000000741e00000, 0x0000000800000000)
  region size 2048K, 2 young (4096K), 2 survivors (4096K)
 Metaspace       used 56006K, committed 56384K, reserved 1105920K
  class space    used 7214K, committed 7360K, reserved 1048576K
}
Event: 79.214 GC heap before
{Heap before GC invocations=21 (full 0):
 garbage-first heap   total 61440K, used 44733K [0x0000000741e00000, 0x0000000800000000)
  region size 2048K, 15 young (30720K), 2 survivors (4096K)
 Metaspace       used 58233K, committed 58624K, reserved 1105920K
  class space    used 7564K, committed 7744K, reserved 1048576K
}
Event: 79.221 GC heap after
{Heap after GC invocations=22 (full 0):
 garbage-first heap   total 73728K, used 20561K [0x0000000741e00000, 0x0000000800000000)
  region size 2048K, 2 young (4096K), 2 survivors (4096K)
 Metaspace       used 58233K, committed 58624K, reserved 1105920K
  class space    used 7564K, committed 7744K, reserved 1048576K
}
Event: 79.470 GC heap before
{Heap before GC invocations=22 (full 0):
 garbage-first heap   total 73728K, used 30801K [0x0000000741e00000, 0x0000000800000000)
  region size 2048K, 8 young (16384K), 2 survivors (4096K)
 Metaspace       used 59182K, committed 59456K, reserved 1105920K
  class space    used 7669K, committed 7808K, reserved 1048576K
}
Event: 79.479 GC heap after
{Heap after GC invocations=23 (full 0):
 garbage-first heap   total 73728K, used 21172K [0x0000000741e00000, 0x0000000800000000)
  region size 2048K, 2 young (4096K), 2 survivors (4096K)
 Metaspace       used 59182K, committed 59456K, reserved 1105920K
  class space    used 7669K, committed 7808K, reserved 1048576K
}
Event: 80.353 GC heap before
{Heap before GC invocations=24 (full 0):
 garbage-first heap   total 73728K, used 53940K [0x0000000741e00000, 0x0000000800000000)
  region size 2048K, 19 young (38912K), 2 survivors (4096K)
 Metaspace       used 61076K, committed 61504K, reserved 1105920K
  class space    used 7990K, committed 8192K, reserved 1048576K
}
Event: 80.365 GC heap after
{Heap after GC invocations=25 (full 0):
 garbage-first heap   total 73728K, used 22775K [0x0000000741e00000, 0x0000000800000000)
  region size 2048K, 3 young (6144K), 3 survivors (6144K)
 Metaspace       used 61076K, committed 61504K, reserved 1105920K
  class space    used 7990K, committed 8192K, reserved 1048576K
}
Event: 95.372 GC heap before
{Heap before GC invocations=25 (full 0):
 garbage-first heap   total 73728K, used 55543K [0x0000000741e00000, 0x0000000800000000)
  region size 2048K, 19 young (38912K), 3 survivors (6144K)
 Metaspace       used 63451K, committed 63872K, reserved 1105920K
  class space    used 8316K, committed 8512K, reserved 1048576K
}
Event: 95.386 GC heap after
{Heap after GC invocations=26 (full 0):
 garbage-first heap   total 73728K, used 24757K [0x0000000741e00000, 0x0000000800000000)
  region size 2048K, 3 young (6144K), 3 survivors (6144K)
 Metaspace       used 63451K, committed 63872K, reserved 1105920K
  class space    used 8316K, committed 8512K, reserved 1048576K
}

